2016-03-09 05:09:50 Error: [MissingControllerException] Controller class LibController could not be found.
Exception Attributes: array (
  'class' => 'LibController',
  'plugin' => NULL,
)
Request URL: /Lib/lib/
Stack Trace:
#0 D:\Installed Softs\wamp\www\Lib\app\webroot\index.php(118): Dispatcher->dispatch(Object(CakeRequest), Object(CakeResponse))
#1 {main}
2016-03-09 05:48:56 Error: [MissingControllerException] Controller class AppealController could not be found.
Exception Attributes: array (
  'class' => 'AppealController',
  'plugin' => NULL,
)
Request URL: /Lib/appeal
Stack Trace:
#0 D:\Installed Softs\wamp\www\Lib\app\webroot\index.php(118): Dispatcher->dispatch(Object(CakeRequest), Object(CakeResponse))
#1 {main}
2016-03-09 05:49:03 Error: [MissingControllerException] Controller class AppealController could not be found.
Exception Attributes: array (
  'class' => 'AppealController',
  'plugin' => NULL,
)
Request URL: /Lib/Appeal
Stack Trace:
#0 D:\Installed Softs\wamp\www\Lib\app\webroot\index.php(118): Dispatcher->dispatch(Object(CakeRequest), Object(CakeResponse))
#1 {main}
2016-03-09 05:49:07 Error: [MissingControllerException] Controller class AppealController could not be found.
Exception Attributes: array (
  'class' => 'AppealController',
  'plugin' => NULL,
)
Request URL: /Lib/Appeal
Stack Trace:
#0 D:\Installed Softs\wamp\www\Lib\app\webroot\index.php(118): Dispatcher->dispatch(Object(CakeRequest), Object(CakeResponse))
#1 {main}
2016-03-09 06:03:06 Error: [MissingViewException] View file "Librarians\index.ctp" is missing.
Exception Attributes: array (
  'file' => 'Librarians\\index.ctp',
)
Request URL: /Lib/Librarians
Stack Trace:
#0 D:\Installed Softs\wamp\www\Lib\lib\Cake\View\View.php(470): View->_getViewFileName(NULL)
#1 D:\Installed Softs\wamp\www\Lib\lib\Cake\Controller\Controller.php(960): View->render(NULL, NULL)
#2 D:\Installed Softs\wamp\www\Lib\lib\Cake\Routing\Dispatcher.php(200): Controller->render()
#3 D:\Installed Softs\wamp\www\Lib\lib\Cake\Routing\Dispatcher.php(167): Dispatcher->_invoke(Object(LibrariansController), Object(CakeRequest))
#4 D:\Installed Softs\wamp\www\Lib\app\webroot\index.php(118): Dispatcher->dispatch(Object(CakeRequest), Object(CakeResponse))
#5 {main}
2016-03-09 06:03:20 Error: [MissingViewException] View file "Librarians\index.ctp" is missing.
Exception Attributes: array (
  'file' => 'Librarians\\index.ctp',
)
Request URL: /Lib/Librarians
Stack Trace:
#0 D:\Installed Softs\wamp\www\Lib\lib\Cake\View\View.php(470): View->_getViewFileName(NULL)
#1 D:\Installed Softs\wamp\www\Lib\lib\Cake\Controller\Controller.php(960): View->render(NULL, NULL)
#2 D:\Installed Softs\wamp\www\Lib\lib\Cake\Routing\Dispatcher.php(200): Controller->render()
#3 D:\Installed Softs\wamp\www\Lib\lib\Cake\Routing\Dispatcher.php(167): Dispatcher->_invoke(Object(LibrariansController), Object(CakeRequest))
#4 D:\Installed Softs\wamp\www\Lib\app\webroot\index.php(118): Dispatcher->dispatch(Object(CakeRequest), Object(CakeResponse))
#5 {main}
2016-03-09 06:05:03 Error: [MissingControllerException] Controller class LibraryController could not be found.
Exception Attributes: array (
  'class' => 'LibraryController',
  'plugin' => NULL,
)
Request URL: /Lib/Library
Stack Trace:
#0 D:\Installed Softs\wamp\www\Lib\app\webroot\index.php(118): Dispatcher->dispatch(Object(CakeRequest), Object(CakeResponse))
#1 {main}
2016-03-09 06:14:49 Error: [MissingControllerException] Controller class ImgController could not be found.
Exception Attributes: array (
  'class' => 'ImgController',
  'plugin' => NULL,
)
Request URL: /Lib/img/library_logo.jpg
Stack Trace:
#0 D:\Installed Softs\wamp\www\Lib\app\webroot\index.php(118): Dispatcher->dispatch(Object(CakeRequest), Object(CakeResponse))
#1 {main}
2016-03-09 06:14:49 Error: [MissingControllerException] Controller class ImgController could not be found.
Exception Attributes: array (
  'class' => 'ImgController',
  'plugin' => NULL,
)
Request URL: /Lib/img/why-us.png
Stack Trace:
#0 D:\Installed Softs\wamp\www\Lib\app\webroot\index.php(118): Dispatcher->dispatch(Object(CakeRequest), Object(CakeResponse))
#1 {main}
2016-03-09 06:22:16 Error: [MissingControllerException] Controller class UrlController could not be found.
Exception Attributes: array (
  'class' => 'UrlController',
  'plugin' => NULL,
)
Request URL: /Lib/url
Stack Trace:
#0 D:\Installed Softs\wamp\www\Lib\app\webroot\index.php(118): Dispatcher->dispatch(Object(CakeRequest), Object(CakeResponse))
#1 {main}
2016-03-09 08:12:55 Error: [MissingControllerException] Controller class Aboutus.phpController could not be found.
Exception Attributes: array (
  'class' => 'Aboutus.phpController',
  'plugin' => NULL,
)
Request URL: /Lib/aboutus.php
Stack Trace:
#0 D:\Installed Softs\wamp\www\Lib\app\webroot\index.php(118): Dispatcher->dispatch(Object(CakeRequest), Object(CakeResponse))
#1 {main}
2016-03-09 08:13:59 Error: [MissingControllerException] Controller class Aboutus.phpController could not be found.
Exception Attributes: array (
  'class' => 'Aboutus.phpController',
  'plugin' => NULL,
)
Request URL: /Lib/aboutus.php
Stack Trace:
#0 D:\Installed Softs\wamp\www\Lib\app\webroot\index.php(118): Dispatcher->dispatch(Object(CakeRequest), Object(CakeResponse))
#1 {main}
2016-03-09 08:14:00 Error: [MissingControllerException] Controller class Aboutus.phpController could not be found.
Exception Attributes: array (
  'class' => 'Aboutus.phpController',
  'plugin' => NULL,
)
Request URL: /Lib/aboutus.php
Stack Trace:
#0 D:\Installed Softs\wamp\www\Lib\app\webroot\index.php(118): Dispatcher->dispatch(Object(CakeRequest), Object(CakeResponse))
#1 {main}
2016-03-09 08:14:06 Error: [MissingControllerException] Controller class Aboutus.ctpController could not be found.
Exception Attributes: array (
  'class' => 'Aboutus.ctpController',
  'plugin' => NULL,
)
Request URL: /Lib/aboutus.ctp
Stack Trace:
#0 D:\Installed Softs\wamp\www\Lib\app\webroot\index.php(118): Dispatcher->dispatch(Object(CakeRequest), Object(CakeResponse))
#1 {main}
2016-03-09 08:14:13 Error: [MissingControllerException] Controller class AboutusController could not be found.
Exception Attributes: array (
  'class' => 'AboutusController',
  'plugin' => NULL,
)
Request URL: /Lib/aboutus
Stack Trace:
#0 D:\Installed Softs\wamp\www\Lib\app\webroot\index.php(118): Dispatcher->dispatch(Object(CakeRequest), Object(CakeResponse))
#1 {main}
2016-03-09 08:20:21 Error: [MissingControllerException] Controller class Nextpage.htmlController could not be found.
Exception Attributes: array (
  'class' => 'Nextpage.htmlController',
  'plugin' => NULL,
)
Request URL: /Lib/nextpage.html
Stack Trace:
#0 D:\Installed Softs\wamp\www\Lib\app\webroot\index.php(118): Dispatcher->dispatch(Object(CakeRequest), Object(CakeResponse))
#1 {main}
2016-03-09 08:20:55 Error: [MissingControllerException] Controller class Aboutus.ctpController could not be found.
Exception Attributes: array (
  'class' => 'Aboutus.ctpController',
  'plugin' => NULL,
)
Request URL: /Lib/aboutus.ctp
Stack Trace:
#0 D:\Installed Softs\wamp\www\Lib\app\webroot\index.php(118): Dispatcher->dispatch(Object(CakeRequest), Object(CakeResponse))
#1 {main}
2016-03-09 08:22:11 Error: [MissingControllerException] Controller class Aboutus.ctpController could not be found.
Exception Attributes: array (
  'class' => 'Aboutus.ctpController',
  'plugin' => NULL,
)
Request URL: /Lib/aboutus.ctp
Stack Trace:
#0 D:\Installed Softs\wamp\www\Lib\app\webroot\index.php(118): Dispatcher->dispatch(Object(CakeRequest), Object(CakeResponse))
#1 {main}
2016-03-09 08:31:40 Error: [MissingControllerException] Controller class Aboutus.ctpController could not be found.
Exception Attributes: array (
  'class' => 'Aboutus.ctpController',
  'plugin' => NULL,
)
Request URL: /Lib/aboutus.ctp
Stack Trace:
#0 D:\Installed Softs\wamp\www\Lib\app\webroot\index.php(118): Dispatcher->dispatch(Object(CakeRequest), Object(CakeResponse))
#1 {main}
2016-03-09 08:36:15 Error: [MissingControllerException] Controller class Aboutus.htmlController could not be found.
Exception Attributes: array (
  'class' => 'Aboutus.htmlController',
  'plugin' => NULL,
)
Request URL: /Lib/aboutus.html
Stack Trace:
#0 D:\Installed Softs\wamp\www\Lib\app\webroot\index.php(118): Dispatcher->dispatch(Object(CakeRequest), Object(CakeResponse))
#1 {main}
2016-03-09 08:37:30 Error: [MissingControllerException] Controller class Aboutus.htmlController could not be found.
Exception Attributes: array (
  'class' => 'Aboutus.htmlController',
  'plugin' => NULL,
)
Request URL: /Lib/aboutus.html
Stack Trace:
#0 D:\Installed Softs\wamp\www\Lib\app\webroot\index.php(118): Dispatcher->dispatch(Object(CakeRequest), Object(CakeResponse))
#1 {main}
2016-03-09 08:41:50 Error: [MissingControllerException] Controller class Aboutus.htmlController could not be found.
Exception Attributes: array (
  'class' => 'Aboutus.htmlController',
  'plugin' => NULL,
)
Request URL: /Lib/aboutus.html
Stack Trace:
#0 D:\Installed Softs\wamp\www\Lib\app\webroot\index.php(118): Dispatcher->dispatch(Object(CakeRequest), Object(CakeResponse))
#1 {main}
2016-03-09 08:53:31 Error: [MissingControllerException] Controller class Home.cptController could not be found.
Exception Attributes: array (
  'class' => 'Home.cptController',
  'plugin' => NULL,
)
Request URL: /Lib/home.cpt
Stack Trace:
#0 D:\Installed Softs\wamp\www\Lib\app\webroot\index.php(118): Dispatcher->dispatch(Object(CakeRequest), Object(CakeResponse))
#1 {main}
2016-03-09 08:53:39 Error: [MissingControllerException] Controller class Home.ctpController could not be found.
Exception Attributes: array (
  'class' => 'Home.ctpController',
  'plugin' => NULL,
)
Request URL: /Lib/home.ctp
Stack Trace:
#0 D:\Installed Softs\wamp\www\Lib\app\webroot\index.php(118): Dispatcher->dispatch(Object(CakeRequest), Object(CakeResponse))
#1 {main}
2016-03-09 08:57:28 Error: [MissingControllerException] Controller class LoginSuccess.phpController could not be found.
Exception Attributes: array (
  'class' => 'LoginSuccess.phpController',
  'plugin' => NULL,
)
Request URL: /Lib/login_success.php
Stack Trace:
#0 D:\Installed Softs\wamp\www\Lib\app\webroot\index.php(118): Dispatcher->dispatch(Object(CakeRequest), Object(CakeResponse))
#1 {main}
2016-03-09 08:59:19 Error: [MissingControllerException] Controller class LoginSuccess.phpController could not be found.
Exception Attributes: array (
  'class' => 'LoginSuccess.phpController',
  'plugin' => NULL,
)
Request URL: /Lib/login_success.php
Stack Trace:
#0 D:\Installed Softs\wamp\www\Lib\app\webroot\index.php(118): Dispatcher->dispatch(Object(CakeRequest), Object(CakeResponse))
#1 {main}
2016-03-09 08:59:54 Error: [MissingControllerException] Controller class LoginSuccess.phpController could not be found.
Exception Attributes: array (
  'class' => 'LoginSuccess.phpController',
  'plugin' => NULL,
)
Request URL: /Lib/login_success.php
Stack Trace:
#0 D:\Installed Softs\wamp\www\Lib\app\webroot\index.php(118): Dispatcher->dispatch(Object(CakeRequest), Object(CakeResponse))
#1 {main}
2016-03-09 09:05:16 Error: [MissingControllerException] Controller class LoginSuccess.phpController could not be found.
Exception Attributes: array (
  'class' => 'LoginSuccess.phpController',
  'plugin' => NULL,
)
Request URL: /Lib/login_success.php
Stack Trace:
#0 D:\Installed Softs\wamp\www\Lib\app\webroot\index.php(118): Dispatcher->dispatch(Object(CakeRequest), Object(CakeResponse))
#1 {main}
2016-03-09 09:06:14 Error: [MissingControllerException] Controller class LoginSuccess.phpController could not be found.
Exception Attributes: array (
  'class' => 'LoginSuccess.phpController',
  'plugin' => NULL,
)
Request URL: /Lib/login_success.php
Stack Trace:
#0 D:\Installed Softs\wamp\www\Lib\app\webroot\index.php(118): Dispatcher->dispatch(Object(CakeRequest), Object(CakeResponse))
#1 {main}
2016-03-09 09:08:51 Error: [MissingControllerException] Controller class LoginSuccess.phpController could not be found.
Exception Attributes: array (
  'class' => 'LoginSuccess.phpController',
  'plugin' => NULL,
)
Request URL: /Lib/login_success.php
Stack Trace:
#0 D:\Installed Softs\wamp\www\Lib\app\webroot\index.php(118): Dispatcher->dispatch(Object(CakeRequest), Object(CakeResponse))
#1 {main}
2016-03-09 17:09:30 Error: [MissingControllerException] Controller class FinancialsController could not be found.
Exception Attributes: array (
  'class' => 'FinancialsController',
  'plugin' => NULL,
)
Request URL: /Lib/financials
Stack Trace:
#0 D:\Installed Softs\wamp\www\Lib\app\webroot\index.php(118): Dispatcher->dispatch(Object(CakeRequest), Object(CakeResponse))
#1 {main}
2016-03-09 17:11:20 Error: [MissingControllerException] Controller class AppealController could not be found.
Exception Attributes: array (
  'class' => 'AppealController',
  'plugin' => NULL,
)
Request URL: /Lib/appeal
Stack Trace:
#0 D:\Installed Softs\wamp\www\Lib\app\webroot\index.php(118): Dispatcher->dispatch(Object(CakeRequest), Object(CakeResponse))
#1 {main}
2016-03-09 17:13:03 Error: [MissingControllerException] Controller class TransactionsController could not be found.
Exception Attributes: array (
  'class' => 'TransactionsController',
  'plugin' => NULL,
)
Request URL: /Lib/Transactions
Stack Trace:
#0 D:\Installed Softs\wamp\www\Lib\app\webroot\index.php(118): Dispatcher->dispatch(Object(CakeRequest), Object(CakeResponse))
#1 {main}
2016-03-09 17:14:30 Error: [MissingControllerException] Controller class LibrarianController could not be found.
Exception Attributes: array (
  'class' => 'LibrarianController',
  'plugin' => NULL,
)
Request URL: /Lib/Librarian
Stack Trace:
#0 D:\Installed Softs\wamp\www\Lib\app\webroot\index.php(118): Dispatcher->dispatch(Object(CakeRequest), Object(CakeResponse))
#1 {main}
2016-03-09 17:14:42 Error: [MissingControllerException] Controller class LibrarianController could not be found.
Exception Attributes: array (
  'class' => 'LibrarianController',
  'plugin' => NULL,
)
Request URL: /Lib/librarian
Stack Trace:
#0 D:\Installed Softs\wamp\www\Lib\app\webroot\index.php(118): Dispatcher->dispatch(Object(CakeRequest), Object(CakeResponse))
#1 {main}
2016-03-09 17:15:25 Error: [MissingControllerException] Controller class LibraryController could not be found.
Exception Attributes: array (
  'class' => 'LibraryController',
  'plugin' => NULL,
)
Request URL: /Lib/Library
Stack Trace:
#0 D:\Installed Softs\wamp\www\Lib\app\webroot\index.php(118): Dispatcher->dispatch(Object(CakeRequest), Object(CakeResponse))
#1 {main}
2016-03-09 17:15:40 Error: [MissingControllerException] Controller class VolunteerController could not be found.
Exception Attributes: array (
  'class' => 'VolunteerController',
  'plugin' => NULL,
)
Request URL: /Lib/Volunteer
Stack Trace:
#0 D:\Installed Softs\wamp\www\Lib\app\webroot\index.php(118): Dispatcher->dispatch(Object(CakeRequest), Object(CakeResponse))
#1 {main}
2016-03-09 17:16:33 Error: [MissingControllerException] Controller class LibraryController could not be found.
Exception Attributes: array (
  'class' => 'LibraryController',
  'plugin' => NULL,
)
Request URL: /Lib/library
Stack Trace:
#0 D:\Installed Softs\wamp\www\Lib\app\webroot\index.php(118): Dispatcher->dispatch(Object(CakeRequest), Object(CakeResponse))
#1 {main}
2016-03-09 17:16:40 Error: [MissingControllerException] Controller class LibrarianController could not be found.
Exception Attributes: array (
  'class' => 'LibrarianController',
  'plugin' => NULL,
)
Request URL: /Lib/librarian
Stack Trace:
#0 D:\Installed Softs\wamp\www\Lib\app\webroot\index.php(118): Dispatcher->dispatch(Object(CakeRequest), Object(CakeResponse))
#1 {main}
2016-03-11 03:30:44 Error: [MissingControllerException] Controller class LibController could not be found.
Exception Attributes: array (
  'class' => 'LibController',
  'plugin' => NULL,
)
Request URL: /Lib/lib/
Stack Trace:
#0 C:\wamp\www\Lib\app\webroot\index.php(118): Dispatcher->dispatch(Object(CakeRequest), Object(CakeResponse))
#1 {main}
2016-03-11 03:31:15 Error: [MissingControllerException] Controller class UrlController could not be found.
Exception Attributes: array (
  'class' => 'UrlController',
  'plugin' => NULL,
)
Request URL: /Lib/url
Stack Trace:
#0 C:\wamp\www\Lib\app\webroot\index.php(118): Dispatcher->dispatch(Object(CakeRequest), Object(CakeResponse))
#1 {main}
2016-03-11 06:30:06 Error: [MissingControllerException] Controller class LibController could not be found.
Exception Attributes: array (
  'class' => 'LibController',
  'plugin' => NULL,
)
Request URL: /Lib/lib/contactus
Stack Trace:
#0 C:\wamp\www\Lib\app\webroot\index.php(118): Dispatcher->dispatch(Object(CakeRequest), Object(CakeResponse))
#1 {main}
2016-03-11 06:31:00 Error: [MissingControllerException] Controller class LibController could not be found.
Exception Attributes: array (
  'class' => 'LibController',
  'plugin' => NULL,
)
Request URL: /Lib/lib/aboutus.html
Stack Trace:
#0 C:\wamp\www\Lib\app\webroot\index.php(118): Dispatcher->dispatch(Object(CakeRequest), Object(CakeResponse))
#1 {main}
2016-03-11 06:49:20 Error: [MissingControllerException] Controller class LibController could not be found.
Exception Attributes: array (
  'class' => 'LibController',
  'plugin' => NULL,
)
Request URL: /Lib/lib/
Stack Trace:
#0 C:\wamp\www\Lib\app\webroot\index.php(118): Dispatcher->dispatch(Object(CakeRequest), Object(CakeResponse))
#1 {main}
2016-03-11 09:57:02 Error: [MissingControllerException] Controller class LibController could not be found.
Exception Attributes: array (
  'class' => 'LibController',
  'plugin' => NULL,
)
Request URL: /Lib/lib/
Stack Trace:
#0 C:\wamp\www\Lib\app\webroot\index.php(118): Dispatcher->dispatch(Object(CakeRequest), Object(CakeResponse))
#1 {main}
2016-03-11 10:03:04 Error: [MissingControllerException] Controller class Contactus.ctpController could not be found.
Exception Attributes: array (
  'class' => 'Contactus.ctpController',
  'plugin' => NULL,
)
Request URL: /Lib/contactus.ctp
Stack Trace:
#0 C:\wamp\www\Lib\app\webroot\index.php(118): Dispatcher->dispatch(Object(CakeRequest), Object(CakeResponse))
#1 {main}
2016-03-11 10:03:12 Error: [MissingControllerException] Controller class ContactusController could not be found.
Exception Attributes: array (
  'class' => 'ContactusController',
  'plugin' => NULL,
)
Request URL: /Lib/contactus
Stack Trace:
#0 C:\wamp\www\Lib\app\webroot\index.php(118): Dispatcher->dispatch(Object(CakeRequest), Object(CakeResponse))
#1 {main}
2016-03-11 11:12:57 Error: [MissingControllerException] Controller class LibController could not be found.
Exception Attributes: array (
  'class' => 'LibController',
  'plugin' => NULL,
)
Request URL: /Lib/lib/
Stack Trace:
#0 C:\wamp\www\Lib\app\webroot\index.php(118): Dispatcher->dispatch(Object(CakeRequest), Object(CakeResponse))
#1 {main}
2016-03-11 11:16:44 Error: [MissingControllerException] Controller class LibController could not be found.
Exception Attributes: array (
  'class' => 'LibController',
  'plugin' => NULL,
)
Request URL: /Lib/lib/
Stack Trace:
#0 C:\wamp\www\Lib\app\webroot\index.php(118): Dispatcher->dispatch(Object(CakeRequest), Object(CakeResponse))
#1 {main}
2016-03-11 22:23:27 Error: [MissingControllerException] Controller class LibController could not be found.
Exception Attributes: array (
  'class' => 'LibController',
  'plugin' => NULL,
)
Request URL: /Lib/lib/
Stack Trace:
#0 C:\wamp\www\Lib\app\webroot\index.php(118): Dispatcher->dispatch(Object(CakeRequest), Object(CakeResponse))
#1 {main}
2016-03-11 22:23:37 Error: [MissingControllerException] Controller class LibController could not be found.
Exception Attributes: array (
  'class' => 'LibController',
  'plugin' => NULL,
)
Request URL: /Lib/lib/
Stack Trace:
#0 C:\wamp\www\Lib\app\webroot\index.php(118): Dispatcher->dispatch(Object(CakeRequest), Object(CakeResponse))
#1 {main}
2016-03-11 23:29:23 Error: [MissingControllerException] Controller class LibController could not be found.
Exception Attributes: array (
  'class' => 'LibController',
  'plugin' => NULL,
)
Request URL: /Lib/lib/
Stack Trace:
#0 C:\wamp\www\Lib\app\webroot\index.php(118): Dispatcher->dispatch(Object(CakeRequest), Object(CakeResponse))
#1 {main}
2016-03-11 23:34:16 Error: [MissingControllerException] Controller class UrlController could not be found.
Exception Attributes: array (
  'class' => 'UrlController',
  'plugin' => NULL,
)
Request URL: /Lib/url
Stack Trace:
#0 C:\wamp\www\Lib\app\webroot\index.php(118): Dispatcher->dispatch(Object(CakeRequest), Object(CakeResponse))
#1 {main}
2016-03-11 23:45:49 Error: [MissingControllerException] Controller class LibController could not be found.
Exception Attributes: array (
  'class' => 'LibController',
  'plugin' => NULL,
)
Request URL: /Lib/Lib/
Stack Trace:
#0 C:\wamp\www\Lib\app\webroot\index.php(118): Dispatcher->dispatch(Object(CakeRequest), Object(CakeResponse))
#1 {main}
2016-03-11 23:45:56 Error: [MissingControllerException] Controller class LibController could not be found.
Exception Attributes: array (
  'class' => 'LibController',
  'plugin' => NULL,
)
Request URL: /Lib/Lib/
Stack Trace:
#0 C:\wamp\www\Lib\app\webroot\index.php(118): Dispatcher->dispatch(Object(CakeRequest), Object(CakeResponse))
#1 {main}
2016-03-11 23:59:55 Error: [MissingControllerException] Controller class SystemAdmin.htmlController could not be found.
Exception Attributes: array (
  'class' => 'SystemAdmin.htmlController',
  'plugin' => NULL,
)
Request URL: /Lib/system%20admin.html
Stack Trace:
#0 C:\wamp\www\Lib\app\webroot\index.php(118): Dispatcher->dispatch(Object(CakeRequest), Object(CakeResponse))
#1 {main}
2016-03-12 00:23:32 Error: [MissingControllerException] Controller class TestimonialsController could not be found.
Exception Attributes: array (
  'class' => 'TestimonialsController',
  'plugin' => NULL,
)
Request URL: /Lib/testimonials
Stack Trace:
#0 C:\wamp\www\Lib\app\webroot\index.php(118): Dispatcher->dispatch(Object(CakeRequest), Object(CakeResponse))
#1 {main}
2016-03-12 00:27:53 Error: [MissingControllerException] Controller class LibController could not be found.
Exception Attributes: array (
  'class' => 'LibController',
  'plugin' => NULL,
)
Request URL: /Lib/lib/
Stack Trace:
#0 C:\wamp\www\Lib\app\webroot\index.php(118): Dispatcher->dispatch(Object(CakeRequest), Object(CakeResponse))
#1 {main}
2016-03-12 01:06:04 Error: [MissingConnectionException] Database connection "Mysql" is missing, or could not be created.
Exception Attributes: array (
  'class' => 'Mysql',
  'message' => 'SQLSTATE[HY000] [1049] Unknown database \'omahalibrary\'',
  'enabled' => true,
)
Request URL: /Lib/Appeals
Stack Trace:
#0 C:\wamp\www\Lib\lib\Cake\Model\Datasource\DboSource.php(260): Mysql->connect()
#1 C:\wamp\www\Lib\lib\Cake\Model\ConnectionManager.php(105): DboSource->__construct(Array)
#2 C:\wamp\www\Lib\lib\Cake\Model\Model.php(3617): ConnectionManager::getDataSource('default')
#3 C:\wamp\www\Lib\lib\Cake\Model\Model.php(1155): Model->setDataSource('default')
#4 C:\wamp\www\Lib\lib\Cake\Model\Model.php(3644): Model->setSource('appeal')
#5 C:\wamp\www\Lib\lib\Cake\Model\Model.php(3022): Model->getDataSource()
#6 C:\wamp\www\Lib\lib\Cake\Model\Model.php(2994): Model->_readDataSource('all', Array)
#7 C:\wamp\www\Lib\lib\Cake\Controller\Component\PaginatorComponent.php(196): Model->find('all', Array)
#8 C:\wamp\www\Lib\app\Controller\AppealsController.php(26): PaginatorComponent->paginate()
#9 [internal function]: AppealsController->index()
#10 C:\wamp\www\Lib\lib\Cake\Controller\Controller.php(490): ReflectionMethod->invokeArgs(Object(AppealsController), Array)
#11 C:\wamp\www\Lib\lib\Cake\Routing\Dispatcher.php(193): Controller->invokeAction(Object(CakeRequest))
#12 C:\wamp\www\Lib\lib\Cake\Routing\Dispatcher.php(167): Dispatcher->_invoke(Object(AppealsController), Object(CakeRequest))
#13 C:\wamp\www\Lib\app\webroot\index.php(118): Dispatcher->dispatch(Object(CakeRequest), Object(CakeResponse))
#14 {main}
2016-03-12 01:06:24 Error: [MissingConnectionException] Database connection "Mysql" is missing, or could not be created.
Exception Attributes: array (
  'class' => 'Mysql',
  'message' => 'SQLSTATE[HY000] [1049] Unknown database \'omahalibrary\'',
  'enabled' => true,
)
Request URL: /Lib/appeals
Stack Trace:
#0 C:\wamp\www\Lib\lib\Cake\Model\Datasource\DboSource.php(260): Mysql->connect()
#1 C:\wamp\www\Lib\lib\Cake\Model\ConnectionManager.php(105): DboSource->__construct(Array)
#2 C:\wamp\www\Lib\lib\Cake\Model\Model.php(3617): ConnectionManager::getDataSource('default')
#3 C:\wamp\www\Lib\lib\Cake\Model\Model.php(1155): Model->setDataSource('default')
#4 C:\wamp\www\Lib\lib\Cake\Model\Model.php(3644): Model->setSource('appeal')
#5 C:\wamp\www\Lib\lib\Cake\Model\Model.php(3022): Model->getDataSource()
#6 C:\wamp\www\Lib\lib\Cake\Model\Model.php(2994): Model->_readDataSource('all', Array)
#7 C:\wamp\www\Lib\lib\Cake\Controller\Component\PaginatorComponent.php(196): Model->find('all', Array)
#8 C:\wamp\www\Lib\app\Controller\AppealsController.php(26): PaginatorComponent->paginate()
#9 [internal function]: AppealsController->index()
#10 C:\wamp\www\Lib\lib\Cake\Controller\Controller.php(490): ReflectionMethod->invokeArgs(Object(AppealsController), Array)
#11 C:\wamp\www\Lib\lib\Cake\Routing\Dispatcher.php(193): Controller->invokeAction(Object(CakeRequest))
#12 C:\wamp\www\Lib\lib\Cake\Routing\Dispatcher.php(167): Dispatcher->_invoke(Object(AppealsController), Object(CakeRequest))
#13 C:\wamp\www\Lib\app\webroot\index.php(118): Dispatcher->dispatch(Object(CakeRequest), Object(CakeResponse))
#14 {main}
2016-03-12 01:06:27 Error: [MissingControllerException] Controller class AppealController could not be found.
Exception Attributes: array (
  'class' => 'AppealController',
  'plugin' => NULL,
)
Request URL: /Lib/appeal
Stack Trace:
#0 C:\wamp\www\Lib\app\webroot\index.php(118): Dispatcher->dispatch(Object(CakeRequest), Object(CakeResponse))
#1 {main}
2016-03-12 01:06:51 Error: [MissingConnectionException] Database connection "Mysql" is missing, or could not be created.
Exception Attributes: array (
  'class' => 'Mysql',
  'message' => 'SQLSTATE[HY000] [1049] Unknown database \'omahalibrary\'',
  'enabled' => true,
)
Request URL: /Lib/donors
Stack Trace:
#0 C:\wamp\www\Lib\lib\Cake\Model\Datasource\DboSource.php(260): Mysql->connect()
#1 C:\wamp\www\Lib\lib\Cake\Model\ConnectionManager.php(105): DboSource->__construct(Array)
#2 C:\wamp\www\Lib\lib\Cake\Model\Model.php(3617): ConnectionManager::getDataSource('default')
#3 C:\wamp\www\Lib\lib\Cake\Model\Model.php(1155): Model->setDataSource('default')
#4 C:\wamp\www\Lib\lib\Cake\Model\Model.php(3644): Model->setSource('donors')
#5 C:\wamp\www\Lib\lib\Cake\Model\Model.php(3022): Model->getDataSource()
#6 C:\wamp\www\Lib\lib\Cake\Model\Model.php(2994): Model->_readDataSource('all', Array)
#7 C:\wamp\www\Lib\lib\Cake\Controller\Component\PaginatorComponent.php(196): Model->find('all', Array)
#8 C:\wamp\www\Lib\app\Controller\DonorsController.php(26): PaginatorComponent->paginate()
#9 [internal function]: DonorsController->index()
#10 C:\wamp\www\Lib\lib\Cake\Controller\Controller.php(490): ReflectionMethod->invokeArgs(Object(DonorsController), Array)
#11 C:\wamp\www\Lib\lib\Cake\Routing\Dispatcher.php(193): Controller->invokeAction(Object(CakeRequest))
#12 C:\wamp\www\Lib\lib\Cake\Routing\Dispatcher.php(167): Dispatcher->_invoke(Object(DonorsController), Object(CakeRequest))
#13 C:\wamp\www\Lib\app\webroot\index.php(118): Dispatcher->dispatch(Object(CakeRequest), Object(CakeResponse))
#14 {main}
2016-03-12 01:06:59 Error: [MissingConnectionException] Database connection "Mysql" is missing, or could not be created.
Exception Attributes: array (
  'class' => 'Mysql',
  'message' => 'SQLSTATE[HY000] [1049] Unknown database \'omahalibrary\'',
  'enabled' => true,
)
Request URL: /Lib/DONORS
Stack Trace:
#0 C:\wamp\www\Lib\lib\Cake\Model\Datasource\DboSource.php(260): Mysql->connect()
#1 C:\wamp\www\Lib\lib\Cake\Model\ConnectionManager.php(105): DboSource->__construct(Array)
#2 C:\wamp\www\Lib\lib\Cake\Model\Model.php(3617): ConnectionManager::getDataSource('default')
#3 C:\wamp\www\Lib\lib\Cake\Model\Model.php(1155): Model->setDataSource('default')
#4 C:\wamp\www\Lib\lib\Cake\Model\Model.php(3644): Model->setSource('donors')
#5 C:\wamp\www\Lib\lib\Cake\Model\Model.php(3022): Model->getDataSource()
#6 C:\wamp\www\Lib\lib\Cake\Model\Model.php(2994): Model->_readDataSource('all', Array)
#7 C:\wamp\www\Lib\lib\Cake\Controller\Component\PaginatorComponent.php(196): Model->find('all', Array)
#8 C:\wamp\www\Lib\app\Controller\DonorsController.php(26): PaginatorComponent->paginate()
#9 [internal function]: DonorsController->index()
#10 C:\wamp\www\Lib\lib\Cake\Controller\Controller.php(490): ReflectionMethod->invokeArgs(Object(DonorsController), Array)
#11 C:\wamp\www\Lib\lib\Cake\Routing\Dispatcher.php(193): Controller->invokeAction(Object(CakeRequest))
#12 C:\wamp\www\Lib\lib\Cake\Routing\Dispatcher.php(167): Dispatcher->_invoke(Object(DonorsController), Object(CakeRequest))
#13 C:\wamp\www\Lib\app\webroot\index.php(118): Dispatcher->dispatch(Object(CakeRequest), Object(CakeResponse))
#14 {main}
2016-03-12 01:07:04 Error: [MissingConnectionException] Database connection "Mysql" is missing, or could not be created.
Exception Attributes: array (
  'class' => 'Mysql',
  'message' => 'SQLSTATE[HY000] [1049] Unknown database \'omahalibrary\'',
  'enabled' => true,
)
Request URL: /Lib/donors
Stack Trace:
#0 C:\wamp\www\Lib\lib\Cake\Model\Datasource\DboSource.php(260): Mysql->connect()
#1 C:\wamp\www\Lib\lib\Cake\Model\ConnectionManager.php(105): DboSource->__construct(Array)
#2 C:\wamp\www\Lib\lib\Cake\Model\Model.php(3617): ConnectionManager::getDataSource('default')
#3 C:\wamp\www\Lib\lib\Cake\Model\Model.php(1155): Model->setDataSource('default')
#4 C:\wamp\www\Lib\lib\Cake\Model\Model.php(3644): Model->setSource('donors')
#5 C:\wamp\www\Lib\lib\Cake\Model\Model.php(3022): Model->getDataSource()
#6 C:\wamp\www\Lib\lib\Cake\Model\Model.php(2994): Model->_readDataSource('all', Array)
#7 C:\wamp\www\Lib\lib\Cake\Controller\Component\PaginatorComponent.php(196): Model->find('all', Array)
#8 C:\wamp\www\Lib\app\Controller\DonorsController.php(26): PaginatorComponent->paginate()
#9 [internal function]: DonorsController->index()
#10 C:\wamp\www\Lib\lib\Cake\Controller\Controller.php(490): ReflectionMethod->invokeArgs(Object(DonorsController), Array)
#11 C:\wamp\www\Lib\lib\Cake\Routing\Dispatcher.php(193): Controller->invokeAction(Object(CakeRequest))
#12 C:\wamp\www\Lib\lib\Cake\Routing\Dispatcher.php(167): Dispatcher->_invoke(Object(DonorsController), Object(CakeRequest))
#13 C:\wamp\www\Lib\app\webroot\index.php(118): Dispatcher->dispatch(Object(CakeRequest), Object(CakeResponse))
#14 {main}
2016-03-12 01:07:09 Error: [MissingConnectionException] Database connection "Mysql" is missing, or could not be created.
Exception Attributes: array (
  'class' => 'Mysql',
  'message' => 'SQLSTATE[HY000] [1049] Unknown database \'omahalibrary\'',
  'enabled' => true,
)
Request URL: /Lib/Donors
Stack Trace:
#0 C:\wamp\www\Lib\lib\Cake\Model\Datasource\DboSource.php(260): Mysql->connect()
#1 C:\wamp\www\Lib\lib\Cake\Model\ConnectionManager.php(105): DboSource->__construct(Array)
#2 C:\wamp\www\Lib\lib\Cake\Model\Model.php(3617): ConnectionManager::getDataSource('default')
#3 C:\wamp\www\Lib\lib\Cake\Model\Model.php(1155): Model->setDataSource('default')
#4 C:\wamp\www\Lib\lib\Cake\Model\Model.php(3644): Model->setSource('donors')
#5 C:\wamp\www\Lib\lib\Cake\Model\Model.php(3022): Model->getDataSource()
#6 C:\wamp\www\Lib\lib\Cake\Model\Model.php(2994): Model->_readDataSource('all', Array)
#7 C:\wamp\www\Lib\lib\Cake\Controller\Component\PaginatorComponent.php(196): Model->find('all', Array)
#8 C:\wamp\www\Lib\app\Controller\DonorsController.php(26): PaginatorComponent->paginate()
#9 [internal function]: DonorsController->index()
#10 C:\wamp\www\Lib\lib\Cake\Controller\Controller.php(490): ReflectionMethod->invokeArgs(Object(DonorsController), Array)
#11 C:\wamp\www\Lib\lib\Cake\Routing\Dispatcher.php(193): Controller->invokeAction(Object(CakeRequest))
#12 C:\wamp\www\Lib\lib\Cake\Routing\Dispatcher.php(167): Dispatcher->_invoke(Object(DonorsController), Object(CakeRequest))
#13 C:\wamp\www\Lib\app\webroot\index.php(118): Dispatcher->dispatch(Object(CakeRequest), Object(CakeResponse))
#14 {main}
2016-03-12 01:22:13 Error: [MissingTableException] Table appeal for model Appeal was not found in datasource default.
Exception Attributes: array (
  'table' => 'appeal',
  'class' => 'Appeal',
  'ds' => 'default',
)
Request URL: /Lib/Appeals
Stack Trace:
#0 C:\wamp\www\Lib\lib\Cake\Model\Model.php(3644): Model->setSource('appeal')
#1 C:\wamp\www\Lib\lib\Cake\Model\Model.php(3022): Model->getDataSource()
#2 C:\wamp\www\Lib\lib\Cake\Model\Model.php(2994): Model->_readDataSource('all', Array)
#3 C:\wamp\www\Lib\lib\Cake\Controller\Component\PaginatorComponent.php(196): Model->find('all', Array)
#4 C:\wamp\www\Lib\app\Controller\AppealsController.php(26): PaginatorComponent->paginate()
#5 [internal function]: AppealsController->index()
#6 C:\wamp\www\Lib\lib\Cake\Controller\Controller.php(490): ReflectionMethod->invokeArgs(Object(AppealsController), Array)
#7 C:\wamp\www\Lib\lib\Cake\Routing\Dispatcher.php(193): Controller->invokeAction(Object(CakeRequest))
#8 C:\wamp\www\Lib\lib\Cake\Routing\Dispatcher.php(167): Dispatcher->_invoke(Object(AppealsController), Object(CakeRequest))
#9 C:\wamp\www\Lib\app\webroot\index.php(118): Dispatcher->dispatch(Object(CakeRequest), Object(CakeResponse))
#10 {main}
2016-03-12 01:22:19 Error: [MissingTableException] Table appeal for model Appeal was not found in datasource default.
Exception Attributes: array (
  'table' => 'appeal',
  'class' => 'Appeal',
  'ds' => 'default',
)
Request URL: /Lib/Appeals
Stack Trace:
#0 C:\wamp\www\Lib\lib\Cake\Model\Model.php(3644): Model->setSource('appeal')
#1 C:\wamp\www\Lib\lib\Cake\Model\Model.php(3022): Model->getDataSource()
#2 C:\wamp\www\Lib\lib\Cake\Model\Model.php(2994): Model->_readDataSource('all', Array)
#3 C:\wamp\www\Lib\lib\Cake\Controller\Component\PaginatorComponent.php(196): Model->find('all', Array)
#4 C:\wamp\www\Lib\app\Controller\AppealsController.php(26): PaginatorComponent->paginate()
#5 [internal function]: AppealsController->index()
#6 C:\wamp\www\Lib\lib\Cake\Controller\Controller.php(490): ReflectionMethod->invokeArgs(Object(AppealsController), Array)
#7 C:\wamp\www\Lib\lib\Cake\Routing\Dispatcher.php(193): Controller->invokeAction(Object(CakeRequest))
#8 C:\wamp\www\Lib\lib\Cake\Routing\Dispatcher.php(167): Dispatcher->_invoke(Object(AppealsController), Object(CakeRequest))
#9 C:\wamp\www\Lib\app\webroot\index.php(118): Dispatcher->dispatch(Object(CakeRequest), Object(CakeResponse))
#10 {main}
2016-03-12 01:22:26 Error: [MissingTableException] Table appeal for model Appeal was not found in datasource default.
Exception Attributes: array (
  'table' => 'appeal',
  'class' => 'Appeal',
  'ds' => 'default',
)
Request URL: /Lib/appeals
Stack Trace:
#0 C:\wamp\www\Lib\lib\Cake\Model\Model.php(3644): Model->setSource('appeal')
#1 C:\wamp\www\Lib\lib\Cake\Model\Model.php(3022): Model->getDataSource()
#2 C:\wamp\www\Lib\lib\Cake\Model\Model.php(2994): Model->_readDataSource('all', Array)
#3 C:\wamp\www\Lib\lib\Cake\Controller\Component\PaginatorComponent.php(196): Model->find('all', Array)
#4 C:\wamp\www\Lib\app\Controller\AppealsController.php(26): PaginatorComponent->paginate()
#5 [internal function]: AppealsController->index()
#6 C:\wamp\www\Lib\lib\Cake\Controller\Controller.php(490): ReflectionMethod->invokeArgs(Object(AppealsController), Array)
#7 C:\wamp\www\Lib\lib\Cake\Routing\Dispatcher.php(193): Controller->invokeAction(Object(CakeRequest))
#8 C:\wamp\www\Lib\lib\Cake\Routing\Dispatcher.php(167): Dispatcher->_invoke(Object(AppealsController), Object(CakeRequest))
#9 C:\wamp\www\Lib\app\webroot\index.php(118): Dispatcher->dispatch(Object(CakeRequest), Object(CakeResponse))
#10 {main}
2016-03-12 01:22:29 Error: [MissingTableException] Table appeal for model Appeal was not found in datasource default.
Exception Attributes: array (
  'table' => 'appeal',
  'class' => 'Appeal',
  'ds' => 'default',
)
Request URL: /Lib/appeals
Stack Trace:
#0 C:\wamp\www\Lib\lib\Cake\Model\Model.php(3644): Model->setSource('appeal')
#1 C:\wamp\www\Lib\lib\Cake\Model\Model.php(3022): Model->getDataSource()
#2 C:\wamp\www\Lib\lib\Cake\Model\Model.php(2994): Model->_readDataSource('all', Array)
#3 C:\wamp\www\Lib\lib\Cake\Controller\Component\PaginatorComponent.php(196): Model->find('all', Array)
#4 C:\wamp\www\Lib\app\Controller\AppealsController.php(26): PaginatorComponent->paginate()
#5 [internal function]: AppealsController->index()
#6 C:\wamp\www\Lib\lib\Cake\Controller\Controller.php(490): ReflectionMethod->invokeArgs(Object(AppealsController), Array)
#7 C:\wamp\www\Lib\lib\Cake\Routing\Dispatcher.php(193): Controller->invokeAction(Object(CakeRequest))
#8 C:\wamp\www\Lib\lib\Cake\Routing\Dispatcher.php(167): Dispatcher->_invoke(Object(AppealsController), Object(CakeRequest))
#9 C:\wamp\www\Lib\app\webroot\index.php(118): Dispatcher->dispatch(Object(CakeRequest), Object(CakeResponse))
#10 {main}
2016-03-12 01:28:04 Error: [MissingControllerException] Controller class LibrarianController could not be found.
Exception Attributes: array (
  'class' => 'LibrarianController',
  'plugin' => NULL,
)
Request URL: /Lib/Librarian
Stack Trace:
#0 C:\wamp\www\Lib\app\webroot\index.php(118): Dispatcher->dispatch(Object(CakeRequest), Object(CakeResponse))
#1 {main}
2016-03-12 01:28:22 Error: [MissingControllerException] Controller class TestimonialsController could not be found.
Exception Attributes: array (
  'class' => 'TestimonialsController',
  'plugin' => NULL,
)
Request URL: /Lib/Testimonials
Stack Trace:
#0 C:\wamp\www\Lib\app\webroot\index.php(118): Dispatcher->dispatch(Object(CakeRequest), Object(CakeResponse))
#1 {main}
2016-03-12 01:28:27 Error: [MissingControllerException] Controller class TestimonialController could not be found.
Exception Attributes: array (
  'class' => 'TestimonialController',
  'plugin' => NULL,
)
Request URL: /Lib/Testimonial
Stack Trace:
#0 C:\wamp\www\Lib\app\webroot\index.php(118): Dispatcher->dispatch(Object(CakeRequest), Object(CakeResponse))
#1 {main}
2016-03-12 01:34:51 Error: [MissingControllerException] Controller class LibController could not be found.
Exception Attributes: array (
  'class' => 'LibController',
  'plugin' => NULL,
)
Request URL: /Lib/lib/Volunteers
Stack Trace:
#0 C:\wamp\www\Lib\app\webroot\index.php(118): Dispatcher->dispatch(Object(CakeRequest), Object(CakeResponse))
#1 {main}
2016-03-12 01:35:01 Error: [MissingControllerException] Controller class LibController could not be found.
Exception Attributes: array (
  'class' => 'LibController',
  'plugin' => NULL,
)
Request URL: /Lib/lib/Libraries
Stack Trace:
#0 C:\wamp\www\Lib\app\webroot\index.php(118): Dispatcher->dispatch(Object(CakeRequest), Object(CakeResponse))
#1 {main}
2016-03-12 01:35:28 Error: [MissingControllerException] Controller class LibController could not be found.
Exception Attributes: array (
  'class' => 'LibController',
  'plugin' => NULL,
)
Request URL: /Lib/lib/Libraries
Stack Trace:
#0 C:\wamp\www\Lib\app\webroot\index.php(118): Dispatcher->dispatch(Object(CakeRequest), Object(CakeResponse))
#1 {main}
